#
# There is insufficient memory for the Java Runtime Environment to continue.
# Native memory allocation (malloc) failed to allocate 1096976 bytes for Chunk::new
# Possible reasons:
#   The system is out of physical RAM or swap space
#   In 32 bit mode, the process size limit was hit
# Possible solutions:
#   Reduce memory load on the system
#   Increase physical memory or swap space
#   Check if swap backing store is full
#   Use 64 bit Java on a 64 bit OS
#   Decrease Java heap size (-Xmx/-Xms)
#   Decrease number of Java threads
#   Decrease Java thread stack sizes (-Xss)
#   Set larger code cache with -XX:ReservedCodeCacheSize=
# This output file may be truncated or incomplete.
#
#  Out of Memory Error (allocation.cpp:390), pid=1165540, tid=0x00000000001244d4
#
# JRE version: OpenJDK Runtime Environment (8.0_152-b01) (build 1.8.0_152-release-1343-b01)
# Java VM: OpenJDK 64-Bit Server VM (25.152-b01 mixed mode windows-amd64 compressed oops)
# Failed to write core dump. Minidumps are not enabled by default on client versions of Windows
#

---------------  T H R E A D  ---------------

Current thread (0x000000001665a000):  JavaThread "C2 CompilerThread0" daemon [_thread_in_native, id=1197268, stack(0x0000000018000000,0x0000000018100000)]

Stack: [0x0000000018000000,0x0000000018100000]
[error occurred during error reporting (printing stack bounds), id 0xc0000005]

Native frames: (J=compiled Java code, j=interpreted, Vv=VM code, C=native code)


Current CompileTask:
C2:3095344 19670       4       org.gradle.internal.service.DefaultServiceRegistry$OwnServices$ProviderAnalyser::analyseType (78 bytes)


---------------  P R O C E S S  ---------------

Java Threads: ( => current thread )
  0x0000000018dc3800 JavaThread "Cache worker for file hash cache (C:\Users\LeeYoungJae\AndroidStudioProjects\My\.gradle\5.1.1\fileHashes)" [_thread_blocked, id=1213432, stack(0x0000000029dd0000,0x0000000029ed0000)]
  0x0000000018db7800 JavaThread "Thread-53" [_thread_blocked, id=1216276, stack(0x0000000029cd0000,0x0000000029dd0000)]
  0x0000000018db9000 JavaThread "Stdin handler" [_thread_blocked, id=1218120, stack(0x0000000029bd0000,0x0000000029cd0000)]
  0x0000000018dba800 JavaThread "Asynchronous log dispatcher for DefaultDaemonConnection: socket connection from /127.0.0.1:61848 to /127.0.0.1:62702" [_thread_blocked, id=1216960, stack(0x0000000029ad0000,0x0000000029bd0000)]
  0x0000000018dbd800 JavaThread "Daemon worker Thread 3" [_thread_in_Java, id=1213456, stack(0x00000000299d0000,0x0000000029ad0000)]
  0x0000000018dba000 JavaThread "Cancel handler" [_thread_blocked, id=1218540, stack(0x00000000298d0000,0x00000000299d0000)]
  0x0000000018dbd000 JavaThread "Handler for socket connection from /127.0.0.1:61848 to /127.0.0.1:62702" [_thread_in_native, id=1212676, stack(0x00000000297d0000,0x00000000298d0000)]
  0x0000000018dbc000 JavaThread "Daemon Thread 3" [_thread_blocked, id=1214868, stack(0x00000000296d0000,0x00000000297d0000)]
  0x000000001cf57800 JavaThread "Cache worker for Java compile cache (C:\Users\LeeYoungJae\.gradle\caches\5.1.1\javaCompile)" [_thread_blocked, id=1217168, stack(0x0000000026060000,0x0000000026160000)]
  0x0000000018dc0000 JavaThread "Cache worker for file content cache (C:\Users\LeeYoungJae\.gradle\caches\5.1.1\fileContent)" [_thread_blocked, id=1211812, stack(0x0000000024090000,0x0000000024190000)]
  0x0000000018dc0800 JavaThread "Memory manager" [_thread_blocked, id=1196824, stack(0x0000000022410000,0x0000000022510000)]
  0x0000000018b27000 JavaThread "Cache worker for execution history cache (C:\Users\LeeYoungJae\.gradle\caches\5.1.1\executionHistory)" [_thread_blocked, id=1159548, stack(0x0000000020610000,0x0000000020710000)]
  0x0000000018b28800 JavaThread "Cache worker for journal cache (C:\Users\LeeYoungJae\.gradle\caches\journal-1)" [_thread_blocked, id=1202600, stack(0x000000001acd0000,0x000000001add0000)]
  0x0000000018b27800 JavaThread "File lock request listener" [_thread_in_native, id=1205640, stack(0x000000001abd0000,0x000000001acd0000)]
  0x0000000019998800 JavaThread "Cache worker for file hash cache (C:\Users\LeeYoungJae\.gradle\caches\5.1.1\fileHashes)" [_thread_blocked, id=1205032, stack(0x000000001aad0000,0x000000001abd0000)]
  0x0000000018919000 JavaThread "Daemon periodic checks" [_thread_blocked, id=1205624, stack(0x000000001a0d0000,0x000000001a1d0000)]
  0x0000000018918800 JavaThread "Incoming local TCP Connector on port 61848" [_thread_in_native, id=1207368, stack(0x0000000019ef0000,0x0000000019ff0000)]
  0x0000000017a8c800 JavaThread "Service Thread" daemon [_thread_blocked, id=1208240, stack(0x0000000018300000,0x0000000018400000)]
  0x0000000017a16800 JavaThread "C1 CompilerThread2" daemon [_thread_blocked, id=1207344, stack(0x0000000018200000,0x0000000018300000)]
  0x0000000017a09000 JavaThread "C2 CompilerThread1" daemon [_thread_in_vm, id=1207752, stack(0x0000000018100000,0x0000000018200000)]
=>0x000000001665a000 JavaThread "C2 CompilerThread0" daemon [_thread_in_native, id=1197268, stack(0x0000000018000000,0x0000000018100000)]
  0x000000001660f800 JavaThread "Attach Listener" daemon [_thread_blocked, id=1208208, stack(0x0000000017f00000,0x0000000018000000)]
  0x0000000017a08800 JavaThread "Signal Dispatcher" daemon [_thread_blocked, id=1208144, stack(0x0000000017e00000,0x0000000017f00000)]
  0x0000000002c8c000 JavaThread "Finalizer" daemon [_thread_blocked, id=1204856, stack(0x0000000017870000,0x0000000017970000)]
  0x0000000002c81000 JavaThread "Reference Handler" daemon [_thread_blocked, id=1207896, stack(0x0000000017770000,0x0000000017870000)]
  0x0000000002b92800 JavaThread "main" [_thread_blocked, id=1207972, stack(0x0000000002a10000,0x0000000002b10000)]

Other Threads:
  0x00000000165c7800 VMThread [stack: 0x0000000017670000,0x0000000017770000] [id=1208156]
  0x0000000017a97800 WatcherThread [stack: 0x0000000018400000,0x0000000018500000] [id=1208224]

VM state:not at safepoint (normal execution)

VM Mutex/Monitor currently owned by a thread: None

Heap:
 PSYoungGen      total 386560K, used 88732K [0x00000000e0000000, 0x00000000faa00000, 0x0000000100000000)
  eden space 336384K, 23% used [0x00000000e0000000,0x00000000e4e4ef18,0x00000000f4880000)
  from space 50176K, 17% used [0x00000000f7900000,0x00000000f81581b8,0x00000000faa00000)
  to   space 49664K, 0% used [0x00000000f4880000,0x00000000f4880000,0x00000000f7900000)
 ParOldGen       total 238080K, used 91498K [0x00000000a0000000, 0x00000000ae880000, 0x00000000e0000000)
  object space 238080K, 38% used [0x00000000a0000000,0x00000000a595a9f8,0x00000000ae880000)
 Metaspace       used 93621K, capacity 96852K, committed 97112K, reserved 1134592K
  class space    used 11792K, capacity 12381K, committed 12416K, reserved 1048576K

Card table byte_map: [0x0000000012050000,0x0000000012360000] byte_map_base: 0x0000000011b50000

Marking Bits: (ParMarkBitMap*) 0x000000005fee5aa0
 Begin Bits: [0x0000000012960000, 0x0000000014160000)
 End Bits:   [0x0000000014160000, 0x0000000015960000)

Polling page: 0x00000000005d0000

CodeCache: size=245760Kb used=52463Kb max_used=53786Kb free=193296Kb
 bounds [0x0000000002c90000, 0x0000000006190000, 0x0000000011c90000]
 total_blobs=16575 nmethods=15682 adapters=803
 compilation: enabled

Compilation events (10 events):
Event: 3094.563 Thread 0x0000000017a09000 19671       4       java.util.concurrent.ConcurrentLinkedQueue::add (6 bytes)
Event: 3094.584 Thread 0x0000000017a09000 nmethod 19671 0x000000000552cd90 code [0x000000000552cee0, 0x000000000552d0f8]
Event: 3094.893 Thread 0x0000000017a09000 19672       4       java.net.URLStreamHandler::equals (45 bytes)
Event: 3094.906 Thread 0x0000000017a09000 nmethod 19672 0x000000000496b8d0 code [0x000000000496ba20, 0x000000000496bb08]
Event: 3094.912 Thread 0x0000000017a16800 19673       3       java.io.ObjectStreamClass$2::run (5 bytes)
Event: 3094.914 Thread 0x0000000017a16800 nmethod 19673 0x00000000058d9890 code [0x00000000058d9a00, 0x00000000058d9ba8]
Event: 3094.914 Thread 0x0000000017a16800 19674   !   3       java.io.ObjectStreamClass$2::run (327 bytes)
Event: 3094.932 Thread 0x0000000017a16800 nmethod 19674 0x0000000005d512d0 code [0x0000000005d51640, 0x0000000005d52ee8]
Event: 3094.932 Thread 0x0000000017a16800 19675       3       java.io.ObjectStreamClass::access$602 (7 bytes)
Event: 3094.932 Thread 0x0000000017a16800 nmethod 19675 0x00000000058d94d0 code [0x00000000058d9620, 0x00000000058d9770]

GC Heap History (10 events):
Event: 2919.134 GC heap before
{Heap before GC invocations=16 (full 3):
 PSYoungGen      total 276992K, used 276986K [0x00000000e0000000, 0x00000000f3100000, 0x0000000100000000)
  eden space 254976K, 100% used [0x00000000e0000000,0x00000000ef900000,0x00000000ef900000)
  from space 22016K, 99% used [0x00000000f1580000,0x00000000f2afebc8,0x00000000f2b00000)
  to   space 28672K, 0% used [0x00000000ef900000,0x00000000ef900000,0x00000000f1500000)
 ParOldGen       total 124416K, used 40457K [0x00000000a0000000, 0x00000000a7980000, 0x00000000e0000000)
  object space 124416K, 32% used [0x00000000a0000000,0x00000000a27826d0,0x00000000a7980000)
 Metaspace       used 79331K, capacity 81912K, committed 82136K, reserved 1120256K
  class space    used 10150K, capacity 10700K, committed 10752K, reserved 1048576K
Event: 2919.267 GC heap after
Heap after GC invocations=16 (full 3):
 PSYoungGen      total 283648K, used 28644K [0x00000000e0000000, 0x00000000f6b00000, 0x0000000100000000)
  eden space 254976K, 0% used [0x00000000e0000000,0x00000000e0000000,0x00000000ef900000)
  from space 28672K, 99% used [0x00000000ef900000,0x00000000f14f9180,0x00000000f1500000)
  to   space 41984K, 0% used [0x00000000f4200000,0x00000000f4200000,0x00000000f6b00000)
 ParOldGen       total 124416K, used 64857K [0x00000000a0000000, 0x00000000a7980000, 0x00000000e0000000)
  object space 124416K, 52% used [0x00000000a0000000,0x00000000a3f56780,0x00000000a7980000)
 Metaspace       used 79331K, capacity 81912K, committed 82136K, reserved 1120256K
  class space    used 10150K, capacity 10700K, committed 10752K, reserved 1048576K
}
Event: 2933.616 GC heap before
{Heap before GC invocations=17 (full 3):
 PSYoungGen      total 283648K, used 283620K [0x00000000e0000000, 0x00000000f6b00000, 0x0000000100000000)
  eden space 254976K, 100% used [0x00000000e0000000,0x00000000ef900000,0x00000000ef900000)
  from space 28672K, 99% used [0x00000000ef900000,0x00000000f14f9180,0x00000000f1500000)
  to   space 41984K, 0% used [0x00000000f4200000,0x00000000f4200000,0x00000000f6b00000)
 ParOldGen       total 124416K, used 64857K [0x00000000a0000000, 0x00000000a7980000, 0x00000000e0000000)
  object space 124416K, 52% used [0x00000000a0000000,0x00000000a3f56780,0x00000000a7980000)
 Metaspace       used 89178K, capacity 92030K, committed 92248K, reserved 1130496K
  class space    used 11230K, capacity 11783K, committed 11904K, reserved 1048576K
Event: 2933.848 GC heap after
Heap after GC invocations=17 (full 3):
 PSYoungGen      total 331776K, used 15994K [0x00000000e0000000, 0x00000000f6b80000, 0x0000000100000000)
  eden space 289792K, 0% used [0x00000000e0000000,0x00000000e0000000,0x00000000f1b00000)
  from space 41984K, 38% used [0x00000000f4200000,0x00000000f519ea68,0x00000000f6b00000)
  to   space 39936K, 0% used [0x00000000f1b00000,0x00000000f1b00000,0x00000000f4200000)
 ParOldGen       total 124416K, used 89233K [0x00000000a0000000, 0x00000000a7980000, 0x00000000e0000000)
  object space 124416K, 71% used [0x00000000a0000000,0x00000000a5724698,0x00000000a7980000)
 Metaspace       used 89178K, capacity 92030K, committed 92248K, reserved 1130496K
  class space    used 11230K, capacity 11783K, committed 11904K, reserved 1048576K
}
Event: 2942.116 GC heap before
{Heap before GC invocations=18 (full 3):
 PSYoungGen      total 331776K, used 305786K [0x00000000e0000000, 0x00000000f6b80000, 0x0000000100000000)
  eden space 289792K, 100% used [0x00000000e0000000,0x00000000f1b00000,0x00000000f1b00000)
  from space 41984K, 38% used [0x00000000f4200000,0x00000000f519ea68,0x00000000f6b00000)
  to   space 39936K, 0% used [0x00000000f1b00000,0x00000000f1b00000,0x00000000f4200000)
 ParOldGen       total 124416K, used 89233K [0x00000000a0000000, 0x00000000a7980000, 0x00000000e0000000)
  object space 124416K, 71% used [0x00000000a0000000,0x00000000a5724698,0x00000000a7980000)
 Metaspace       used 91196K, capacity 94398K, committed 94552K, reserved 1132544K
  class space    used 11451K, capacity 12035K, committed 12160K, reserved 1048576K
Event: 2942.243 GC heap after
Heap after GC invocations=18 (full 3):
 PSYoungGen      total 329728K, used 39933K [0x00000000e0000000, 0x00000000faa80000, 0x0000000100000000)
  eden space 289792K, 0% used [0x00000000e0000000,0x00000000e0000000,0x00000000f1b00000)
  from space 39936K, 99% used [0x00000000f1b00000,0x00000000f41ff700,0x00000000f4200000)
  to   space 50688K, 0% used [0x00000000f7900000,0x00000000f7900000,0x00000000faa80000)
 ParOldGen       total 124416K, used 102097K [0x00000000a0000000, 0x00000000a7980000, 0x00000000e0000000)
  object space 124416K, 82% used [0x00000000a0000000,0x00000000a63b46b8,0x00000000a7980000)
 Metaspace       used 91196K, capacity 94398K, committed 94552K, reserved 1132544K
  class space    used 11451K, capacity 12035K, committed 12160K, reserved 1048576K
}
Event: 2942.243 GC heap before
{Heap before GC invocations=19 (full 4):
 PSYoungGen      total 329728K, used 39933K [0x00000000e0000000, 0x00000000faa80000, 0x0000000100000000)
  eden space 289792K, 0% used [0x00000000e0000000,0x00000000e0000000,0x00000000f1b00000)
  from space 39936K, 99% used [0x00000000f1b00000,0x00000000f41ff700,0x00000000f4200000)
  to   space 50688K, 0% used [0x00000000f7900000,0x00000000f7900000,0x00000000faa80000)
 ParOldGen       total 124416K, used 102097K [0x00000000a0000000, 0x00000000a7980000, 0x00000000e0000000)
  object space 124416K, 82% used [0x00000000a0000000,0x00000000a63b46b8,0x00000000a7980000)
 Metaspace       used 91196K, capacity 94398K, committed 94552K, reserved 1132544K
  class space    used 11451K, capacity 12035K, committed 12160K, reserved 1048576K
Event: 2943.885 GC heap after
Heap after GC invocations=19 (full 4):
 PSYoungGen      total 329728K, used 0K [0x00000000e0000000, 0x00000000faa80000, 0x0000000100000000)
  eden space 289792K, 0% used [0x00000000e0000000,0x00000000e0000000,0x00000000f1b00000)
  from space 39936K, 0% used [0x00000000f1b00000,0x00000000f1b00000,0x00000000f4200000)
  to   space 50688K, 0% used [0x00000000f7900000,0x00000000f7900000,0x00000000faa80000)
 ParOldGen       total 238080K, used 91490K [0x00000000a0000000, 0x00000000ae880000, 0x00000000e0000000)
  object space 238080K, 38% used [0x00000000a0000000,0x00000000a59589f8,0x00000000ae880000)
 Metaspace       used 90432K, capacity 93088K, committed 94552K, reserved 1132544K
  class space    used 11321K, capacity 11795K, committed 12160K, reserved 1048576K
}
Event: 2954.812 GC heap before
{Heap before GC invocations=20 (full 4):
 PSYoungGen      total 329728K, used 286031K [0x00000000e0000000, 0x00000000faa80000, 0x0000000100000000)
  eden space 289792K, 98% used [0x00000000e0000000,0x00000000f1753c60,0x00000000f1b00000)
  from space 39936K, 0% used [0x00000000f1b00000,0x00000000f1b00000,0x00000000f4200000)
  to   space 50688K, 0% used [0x00000000f7900000,0x00000000f7900000,0x00000000faa80000)
 ParOldGen       total 238080K, used 91490K [0x00000000a0000000, 0x00000000ae880000, 0x00000000e0000000)
  object space 238080K, 38% used [0x00000000a0000000,0x00000000a59589f8,0x00000000ae880000)
 Metaspace       used 92464K, capacity 95414K, committed 96216K, reserved 1132544K
  class space    used 11601K, capacity 12142K, committed 12288K, reserved 1048576K
Event: 2954.835 GC heap after
Heap after GC invocations=20 (full 4):
 PSYoungGen      total 386560K, used 8544K [0x00000000e0000000, 0x00000000faa00000, 0x0000000100000000)
  eden space 336384K, 0% used [0x00000000e0000000,0x00000000e0000000,0x00000000f4880000)
  from space 50176K, 17% used [0x00000000f7900000,0x00000000f81581b8,0x00000000faa00000)
  to   space 49664K, 0% used [0x00000000f4880000,0x00000000f4880000,0x00000000f7900000)
 ParOldGen       total 238080K, used 91498K [0x00000000a0000000, 0x00000000ae880000, 0x00000000e0000000)
  object space 238080K, 38% used [0x00000000a0000000,0x00000000a595a9f8,0x00000000ae880000)
 Metaspace       used 92464K, capacity 95414K, committed 96216K, reserved 1132544K
  class space    used 11601K, capacity 12142K, committed 12288K, reserved 1048576K
}

Deoptimization events (10 events):
Event: 2955.984 Thread 0x000000001cf53800 Uncommon trap: reason=unstable_if action=reinterpret pc=0x000000000419483c method=java.io.BufferedReader.readLine(Z)Ljava/lang/String; @ 192
Event: 3093.879 Thread 0x0000000018dbd000 Uncommon trap: reason=class_check action=maybe_recompile pc=0x0000000004caf4a0 method=java.lang.reflect.Array.newInstance(Ljava/lang/Class;I)Ljava/lang/Object; @ 2
Event: 3093.939 Thread 0x0000000018dbd000 Uncommon trap: reason=array_check action=maybe_recompile pc=0x00000000036c74f8 method=java.util.TimSort.mergeLo(IIII)V @ 212
Event: 3093.940 Thread 0x0000000018dbd000 Uncommon trap: reason=array_check action=maybe_recompile pc=0x00000000036c7560 method=java.util.TimSort.mergeLo(IIII)V @ 245
Event: 3093.941 Thread 0x0000000018dbd000 Uncommon trap: reason=array_check action=maybe_recompile pc=0x000000000363d3b4 method=java.util.TimSort.mergeHi(IIII)V @ 250
Event: 3093.978 Thread 0x0000000018dbc000 Uncommon trap: reason=unstable_if action=reinterpret pc=0x0000000004571034 method=org.gradle.internal.logging.sink.OutputEventRenderer$3.onOutput(Lorg/gradle/internal/logging/events/OutputEvent;)V @ 37
Event: 3094.831 Thread 0x0000000018dbd800 Uncommon trap: reason=array_check action=maybe_recompile pc=0x0000000004d9b510 method=com.google.common.collect.ImmutableSet.construct(I[Ljava/lang/Object;)Lcom/google/common/collect/ImmutableSet; @ 122
Event: 3094.885 Thread 0x0000000018dbd800 Uncommon trap: reason=array_check action=maybe_recompile pc=0x0000000004d9b510 method=com.google.common.collect.ImmutableSet.construct(I[Ljava/lang/Object;)Lcom/google/common/collect/ImmutableSet; @ 122
Event: 3094.893 Thread 0x0000000018dbd800 Uncommon trap: reason=array_check action=maybe_recompile pc=0x0000000004d9b510 method=com.google.common.collect.ImmutableSet.construct(I[Ljava/lang/Object;)Lcom/google/common/collect/ImmutableSet; @ 122
Event: 3094.904 Thread 0x0000000018dbd800 Uncommon trap: reason=array_check action=maybe_recompile pc=0x0000000004d9b510 method=com.google.common.collect.ImmutableSet.construct(I[Ljava/lang/Object;)Lcom/google/common/collect/ImmutableSet; @ 122

Classes redefined (0 events):
No events

Internal exceptions (10 events):
Event: 3093.950 Thread 0x0000000018dbd000 Exception <a 'java/lang/NoSuchMethodError': <clinit>> (0x00000000e4ad0898) thrown at [D:\src\AOSP-openjdk-cygwin\jdk8u\hotspot\src\share\vm\prims\jni.cpp, line 1613]
Event: 3093.958 Thread 0x0000000018dbd000 Exception <a 'java/lang/NoSuchMethodError': <clinit>> (0x00000000e4aeada0) thrown at [D:\src\AOSP-openjdk-cygwin\jdk8u\hotspot\src\share\vm\prims\jni.cpp, line 1613]
Event: 3093.960 Thread 0x0000000018dbd000 Exception <a 'java/lang/NoSuchMethodError': <clinit>> (0x00000000e4af60b0) thrown at [D:\src\AOSP-openjdk-cygwin\jdk8u\hotspot\src\share\vm\prims\jni.cpp, line 1613]
Event: 3094.839 Thread 0x0000000018dbd800 Exception <a 'java/lang/NoSuchMethodError': <clinit>> (0x00000000e4d4db60) thrown at [D:\src\AOSP-openjdk-cygwin\jdk8u\hotspot\src\share\vm\prims\jni.cpp, line 1613]
Event: 3094.893 Thread 0x0000000018dbd800 Exception <a 'java/lang/NoSuchMethodError': <clinit>> (0x00000000e4d5a248) thrown at [D:\src\AOSP-openjdk-cygwin\jdk8u\hotspot\src\share\vm\prims\jni.cpp, line 1613]
Event: 3094.921 Thread 0x0000000018dbd800 Exception <a 'java/lang/NoSuchMethodError': <clinit>> (0x00000000e4df4978) thrown at [D:\src\AOSP-openjdk-cygwin\jdk8u\hotspot\src\share\vm\prims\jni.cpp, line 1613]
Event: 3094.921 Thread 0x0000000018dbd800 Exception <a 'java/lang/NoSuchMethodError': <clinit>> (0x00000000e4df8858) thrown at [D:\src\AOSP-openjdk-cygwin\jdk8u\hotspot\src\share\vm\prims\jni.cpp, line 1613]
Event: 3094.921 Thread 0x0000000018dbd800 Exception <a 'java/lang/NoSuchMethodError': <clinit>> (0x00000000e4dfa360) thrown at [D:\src\AOSP-openjdk-cygwin\jdk8u\hotspot\src\share\vm\prims\jni.cpp, line 1613]
Event: 3094.922 Thread 0x0000000018dbd800 Exception <a 'java/lang/NoSuchMethodError': <clinit>> (0x00000000e4dfbb30) thrown at [D:\src\AOSP-openjdk-cygwin\jdk8u\hotspot\src\share\vm\prims\jni.cpp, line 1613]
Event: 3094.922 Thread 0x0000000018dbd800 Exception <a 'java/lang/NoSuchMethodError': <clinit>> (0x00000000e4dfd1b0) thrown at [D:\src\AOSP-openjdk-cygwin\jdk8u\hotspot\src\share\vm\prims\jni.cpp, line 1613]

Events (10 events):
Event: 3094.903 Thread 0x0000000018dbd800 Uncommon trap: trap_request=0xffffffd6 fr.pc=0x0000000004d9b510
Event: 3094.904 Thread 0x0000000018dbd800 DEOPT PACKING pc=0x0000000004d9b510 sp=0x0000000029acc770
Event: 3094.904 Thread 0x0000000018dbd800 DEOPT UNPACKING pc=0x0000000002cd557b sp=0x0000000029acc710 mode 2
Event: 3094.920 Thread 0x0000000017a09000 flushing nmethod 0x0000000002db7890
Event: 3094.944 Executing VM operation: RevokeBias
Event: 3094.945 Executing VM operation: RevokeBias done
Event: 3094.945 Executing VM operation: RevokeBias
Event: 3094.947 Executing VM operation: RevokeBias done
Event: 3094.964 Thread 0x0000000017a09000 flushing nmethod 0x0000000002e03510
Event: 3095.014 Thread 0x0000000017a09000 flushing nmethod 0x0000000002ec8b90


Dynamic libraries:
0x00007ff7733a0000 - 0x00007ff7733d1000 	C:\Program Files\Android\Android Studio1\jre\bin\java.exe
0x00007ffd88730000 - 0x00007ffd88911000 	C:\WINDOWS\SYSTEM32\ntdll.dll
0x00007ffd874e0000 - 0x00007ffd87591000 	C:\WINDOWS\System32\KERNEL32.DLL
0x00007ffd856a0000 - 0x00007ffd85913000 	C:\WINDOWS\System32\KERNELBASE.dll
0x00007ffd87e20000 - 0x00007ffd87ec1000 	C:\WINDOWS\System32\ADVAPI32.dll
0x00007ffd872b0000 - 0x00007ffd8734e000 	C:\WINDOWS\System32\msvcrt.dll
0x00007ffd884a0000 - 0x00007ffd884fb000 	C:\WINDOWS\System32\sechost.dll
0x00007ffd87890000 - 0x00007ffd879b4000 	C:\WINDOWS\System32\RPCRT4.dll
0x00007ffd87350000 - 0x00007ffd874e0000 	C:\WINDOWS\System32\USER32.dll
0x00007ffd855e0000 - 0x00007ffd85600000 	C:\WINDOWS\System32\win32u.dll
0x00007ffd87ed0000 - 0x00007ffd87ef8000 	C:\WINDOWS\System32\GDI32.dll
0x00007ffd85920000 - 0x00007ffd85ab2000 	C:\WINDOWS\System32\gdi32full.dll
0x00007ffd85600000 - 0x00007ffd8569f000 	C:\WINDOWS\System32\msvcp_win.dll
0x00007ffd85ac0000 - 0x00007ffd85bb8000 	C:\WINDOWS\System32\ucrtbase.dll
0x00007ffd6fc50000 - 0x00007ffd6feb9000 	C:\WINDOWS\WinSxS\amd64_microsoft.windows.common-controls_6595b64144ccf1df_6.0.17134.706_none_fb43a2cb30647007\COMCTL32.dll
0x00007ffd88040000 - 0x00007ffd88362000 	C:\WINDOWS\System32\combase.dll
0x00007ffd84cf0000 - 0x00007ffd84d6a000 	C:\WINDOWS\System32\bcryptPrimitives.dll
0x00007ffd85e20000 - 0x00007ffd85e4d000 	C:\WINDOWS\System32\IMM32.DLL
0x000000005f310000 - 0x000000005f3e2000 	C:\Program Files\Android\Android Studio1\jre\jre\bin\msvcr100.dll
0x000000005f720000 - 0x000000005ff61000 	C:\Program Files\Android\Android Studio1\jre\jre\bin\server\jvm.dll
0x00007ffd87e10000 - 0x00007ffd87e18000 	C:\WINDOWS\System32\PSAPI.DLL
0x00007ffd82820000 - 0x00007ffd82843000 	C:\WINDOWS\SYSTEM32\WINMM.dll
0x00007ffd73fb0000 - 0x00007ffd73fba000 	C:\WINDOWS\SYSTEM32\VERSION.dll
0x00007ffd83650000 - 0x00007ffd83659000 	C:\WINDOWS\SYSTEM32\WSOCK32.dll
0x00007ffd87f00000 - 0x00007ffd87f6c000 	C:\WINDOWS\System32\WS2_32.dll
0x00007ffd823d0000 - 0x00007ffd823fa000 	C:\WINDOWS\SYSTEM32\winmmbase.dll
0x00007ffd84d70000 - 0x00007ffd84db9000 	C:\WINDOWS\System32\cfgmgr32.dll
0x00007ffd810d0000 - 0x00007ffd810df000 	C:\Program Files\Android\Android Studio1\jre\jre\bin\verify.dll
0x00007ffd776e0000 - 0x00007ffd77709000 	C:\Program Files\Android\Android Studio1\jre\jre\bin\java.dll
0x00007ffd65ee0000 - 0x00007ffd65ef6000 	C:\Program Files\Android\Android Studio1\jre\jre\bin\zip.dll
0x00007ffd85e70000 - 0x00007ffd872b0000 	C:\WINDOWS\System32\SHELL32.dll
0x00007ffd87f90000 - 0x00007ffd88039000 	C:\WINDOWS\System32\shcore.dll
0x00007ffd84ed0000 - 0x00007ffd855dd000 	C:\WINDOWS\System32\windows.storage.dll
0x00007ffd88500000 - 0x00007ffd88551000 	C:\WINDOWS\System32\shlwapi.dll
0x00007ffd84ae0000 - 0x00007ffd84af1000 	C:\WINDOWS\System32\kernel.appcore.dll
0x00007ffd84ab0000 - 0x00007ffd84acf000 	C:\WINDOWS\System32\profapi.dll
0x00007ffd84a60000 - 0x00007ffd84aac000 	C:\WINDOWS\System32\powrprof.dll
0x00007ffd84ad0000 - 0x00007ffd84ada000 	C:\WINDOWS\System32\FLTLIB.DLL
0x00007ffd65ec0000 - 0x00007ffd65eda000 	C:\Program Files\Android\Android Studio1\jre\jre\bin\net.dll
0x00007ffd84260000 - 0x00007ffd842c6000 	C:\WINDOWS\system32\mswsock.dll
0x00007ffd65ea0000 - 0x00007ffd65eb1000 	C:\Program Files\Android\Android Studio1\jre\jre\bin\nio.dll
0x00007ffd65d80000 - 0x00007ffd65d9e000 	C:\Users\LeeYoungJae\.gradle\native\25\windows-amd64\native-platform.dll
0x00007ffd81080000 - 0x00007ffd8108d000 	C:\Program Files\Android\Android Studio1\jre\jre\bin\management.dll
0x00007ffd84410000 - 0x00007ffd84427000 	C:\WINDOWS\SYSTEM32\CRYPTSP.dll
0x00007ffd83e40000 - 0x00007ffd83e73000 	C:\WINDOWS\system32\rsaenh.dll
0x00007ffd84540000 - 0x00007ffd84565000 	C:\WINDOWS\SYSTEM32\bcrypt.dll
0x00007ffd84970000 - 0x00007ffd84998000 	C:\WINDOWS\SYSTEM32\USERENV.dll
0x00007ffd84430000 - 0x00007ffd8443b000 	C:\WINDOWS\SYSTEM32\CRYPTBASE.dll
0x00007ffd83fe0000 - 0x00007ffd84018000 	C:\WINDOWS\SYSTEM32\IPHLPAPI.DLL
0x00007ffd85e50000 - 0x00007ffd85e58000 	C:\WINDOWS\System32\NSI.dll
0x00007ffd79570000 - 0x00007ffd79586000 	C:\WINDOWS\SYSTEM32\dhcpcsvc6.DLL
0x00007ffd79550000 - 0x00007ffd7956a000 	C:\WINDOWS\SYSTEM32\dhcpcsvc.DLL

VM Arguments:
jvm_args: -Xmx1536m -Dfile.encoding=x-windows-949 -Duser.country=KR -Duser.language=ko -Duser.variant 
java_command: org.gradle.launcher.daemon.bootstrap.GradleDaemon 5.1.1
java_class_path (initial): C:\Users\LeeYoungJae\.gradle\wrapper\dists\gradle-5.1.1-all\97z1ksx6lirer3kbvdnh7jtjg\gradle-5.1.1\lib\gradle-launcher-5.1.1.jar
Launcher Type: SUN_STANDARD

Environment Variables:
JAVA_HOME=C:\Program Files\Java\jdk1.8.0_151
JRE_HOME=C:\Program Files\Java\jre1.8.0_171
CLASSPATH=%CLASSPATH%;.;.;.
PATH=C:\Program Files (x86)\NAT Service;C:\Program Files (x86)\Common Files\Oracle\Java\javapath;C:\ProgramData\Oracle\Java\javapath;C:\WINDOWS\system32;C:\WINDOWS;C:\WINDOWS\System32\Wbem;C:\WINDOWS\System32\WindowsPowerShell\v1.0\;C:\Program Files (x86)\python\Scripts\;C:\Program Files\Intel\WiFi\bin\;C:\Program Files\Common Files\Intel\WirelessCommon\;C:\Program Files\Microsoft SQL Server\Client SDK\ODBC\110\Tools\Binn\;C:\Program Files (x86)\Microsoft SQL Server\120\Tools\Binn\;C:\Program Files\Microsoft SQL Server\120\Tools\Binn\;C:\Program Files\Microsoft SQL Server\120\DTS\Binn\;C:\Program Files\Java\jdk1.8.0_151\bin;D:\ProgramFiles\Rational\common;C:\Program Files\Microsoft SQL Server\110\Tools\Binn\;C:\python27;c:\Program Files (x86)\Microsoft SQL Server\90\Tools\binn\;C:\Program Files\dotnet\;C:\opencv\build\x64\vc14\bin\;C:\Program Files (x86)\GtkSharp\2.12\bin;C:\Program Files\Git\cmd;C:\Program Files\Git\mingw64\bin;C:\Program Files\Git\usr\bin;C:\WINDOWS\System32\OpenSSH\;C:\Users\LeeYoungJae\Anaconda3;C:\Users\LeeYoungJae\Anaconda3\Library\mingw-w64\bin;C:\Users\LeeYoungJae\Anaconda3\Library\usr\bin;C:\Users\LeeYoungJae\Anaconda3\Library\bin;C:\Users\LeeYoungJae\Anaconda3\Scripts;C:\Users\LeeYoungJae\AppData\Local\Microsoft\WindowsApps;C:\Users\LeeYoungJae\AppData\Local\atom\bin;C:\Program Files\Java\jdk1.8.0_121\bin;C:\Users\LeeYoungJae\AppData\Local\Microsoft\WindowsApps;C:\Program Files\Apache Software Foundation\Tomcat 8.0\bin;C:\Program Files\Apache Software Foundation\Tomcat 8.0\lib;;C:\Program Files\Docker Toolbox
USERNAME=LeeYoungJae
OS=Windows_NT
PROCESSOR_IDENTIFIER=Intel64 Family 6 Model 78 Stepping 3, GenuineIntel



---------------  S Y S T E M  ---------------

OS: Windows 10.0 , 64 bit Build 17134 (10.0.17134.706)

CPU:total 4 (initial active 4) (2 cores per cpu, 2 threads per core) family 6 model 78 stepping 3, cmov, cx8, fxsr, mmx, sse, sse2, sse3, ssse3, sse4.1, sse4.2, popcnt, avx, avx2, aes, clmul, erms, 3dnowpref, lzcnt, ht, tsc, tscinvbit, bmi1, bmi2, adx

Memory: 4k page, physical 7959032k(410024k free), swap 32076280k(5356k free)

vm_info: OpenJDK 64-Bit Server VM (25.152-b01) for windows-amd64 JRE (1.8.0_152-release-1343-b01), built by "builder" with MS VC++ 10.0 (VS2010)

time: Mon May 06 02:02:53 2019
elapsed time: 3095 seconds (0d 0h 51m 35s)

